<?xml version="1.0" encoding="UTF-8"?>
<testsuites name="jest tests" tests="1" failures="1" errors="0" time="5.415">
  <testsuite name="Test" errors="0" failures="1" skipped="0" timestamp="2024-03-06T03:14:58" time="5.176" tests="1">
    <testcase classname="Test test post test" name="Test test post test" time="1.85">
      <failure>Error: expect(received).toBe(expected) // Object.is equality

Expected: 200
Received: 404
    at C:\Users\hemab\OneDrive\Desktop\JOB\TYPESCRIPT\crunchrollProject\specs\test.spec.ts:16:41
    at Generator.next (&lt;anonymous&gt;)
    at fulfilled (C:\Users\hemab\OneDrive\Desktop\JOB\TYPESCRIPT\crunchrollProject\specs\test.spec.ts:5:58)
    at processTicksAndRejections (node:internal/process/task_queues:95:5)</failure>
    </testcase>
  </testsuite>
</testsuites>